/home/the_hassan_shahzad/ros2_ws/src/RoboPipe/install/RoboPipe/lib/python3.10/site-packages/RoboPipe/__init__.py
/home/the_hassan_shahzad/ros2_ws/src/RoboPipe/install/RoboPipe/lib/python3.10/site-packages/RoboPipe/z_publisher.py
/home/the_hassan_shahzad/ros2_ws/src/RoboPipe/install/RoboPipe/lib/python3.10/site-packages/RoboPipe/hello_world.py
/home/the_hassan_shahzad/ros2_ws/src/RoboPipe/install/RoboPipe/lib/python3.10/site-packages/RoboPipe/random_move.py
/home/the_hassan_shahzad/ros2_ws/src/RoboPipe/install/RoboPipe/lib/python3.10/site-packages/RoboPipe/simple_subscriber.py
/home/the_hassan_shahzad/ros2_ws/src/RoboPipe/install/RoboPipe/lib/python3.10/site-packages/RoboPipe/z_finder_tester.py
/home/the_hassan_shahzad/ros2_ws/src/RoboPipe/install/RoboPipe/lib/python3.10/site-packages/RoboPipe/move_arm.py
/home/the_hassan_shahzad/ros2_ws/src/RoboPipe/install/RoboPipe/lib/python3.10/site-packages/RoboPipe/z_sine.py
/home/the_hassan_shahzad/ros2_ws/src/RoboPipe/install/RoboPipe/lib/python3.10/site-packages/RoboPipe/load_arm.py
/home/the_hassan_shahzad/ros2_ws/src/RoboPipe/install/RoboPipe/lib/python3.10/site-packages/RoboPipe/tester.py
/home/the_hassan_shahzad/ros2_ws/src/RoboPipe/install/RoboPipe/lib/python3.10/site-packages/RoboPipe/arm_control.py
/home/the_hassan_shahzad/ros2_ws/src/RoboPipe/install/RoboPipe/lib/python3.10/site-packages/RoboPipe/__pycache__/__init__.cpython-310.pyc
/home/the_hassan_shahzad/ros2_ws/src/RoboPipe/install/RoboPipe/lib/python3.10/site-packages/RoboPipe/__pycache__/z_publisher.cpython-310.pyc
/home/the_hassan_shahzad/ros2_ws/src/RoboPipe/install/RoboPipe/lib/python3.10/site-packages/RoboPipe/__pycache__/hello_world.cpython-310.pyc
/home/the_hassan_shahzad/ros2_ws/src/RoboPipe/install/RoboPipe/lib/python3.10/site-packages/RoboPipe/__pycache__/random_move.cpython-310.pyc
/home/the_hassan_shahzad/ros2_ws/src/RoboPipe/install/RoboPipe/lib/python3.10/site-packages/RoboPipe/__pycache__/simple_subscriber.cpython-310.pyc
/home/the_hassan_shahzad/ros2_ws/src/RoboPipe/install/RoboPipe/lib/python3.10/site-packages/RoboPipe/__pycache__/z_finder_tester.cpython-310.pyc
/home/the_hassan_shahzad/ros2_ws/src/RoboPipe/install/RoboPipe/lib/python3.10/site-packages/RoboPipe/__pycache__/move_arm.cpython-310.pyc
/home/the_hassan_shahzad/ros2_ws/src/RoboPipe/install/RoboPipe/lib/python3.10/site-packages/RoboPipe/__pycache__/z_sine.cpython-310.pyc
/home/the_hassan_shahzad/ros2_ws/src/RoboPipe/install/RoboPipe/lib/python3.10/site-packages/RoboPipe/__pycache__/load_arm.cpython-310.pyc
/home/the_hassan_shahzad/ros2_ws/src/RoboPipe/install/RoboPipe/lib/python3.10/site-packages/RoboPipe/__pycache__/tester.cpython-310.pyc
/home/the_hassan_shahzad/ros2_ws/src/RoboPipe/install/RoboPipe/lib/python3.10/site-packages/RoboPipe/__pycache__/arm_control.cpython-310.pyc
/home/the_hassan_shahzad/ros2_ws/src/RoboPipe/install/RoboPipe/share/ament_index/resource_index/packages/RoboPipe
/home/the_hassan_shahzad/ros2_ws/src/RoboPipe/install/RoboPipe/share/RoboPipe/package.xml
/home/the_hassan_shahzad/ros2_ws/src/RoboPipe/install/RoboPipe/lib/python3.10/site-packages/RoboPipe-0.0.0-py3.10.egg-info/requires.txt
/home/the_hassan_shahzad/ros2_ws/src/RoboPipe/install/RoboPipe/lib/python3.10/site-packages/RoboPipe-0.0.0-py3.10.egg-info/dependency_links.txt
/home/the_hassan_shahzad/ros2_ws/src/RoboPipe/install/RoboPipe/lib/python3.10/site-packages/RoboPipe-0.0.0-py3.10.egg-info/PKG-INFO
/home/the_hassan_shahzad/ros2_ws/src/RoboPipe/install/RoboPipe/lib/python3.10/site-packages/RoboPipe-0.0.0-py3.10.egg-info/SOURCES.txt
/home/the_hassan_shahzad/ros2_ws/src/RoboPipe/install/RoboPipe/lib/python3.10/site-packages/RoboPipe-0.0.0-py3.10.egg-info/zip-safe
/home/the_hassan_shahzad/ros2_ws/src/RoboPipe/install/RoboPipe/lib/python3.10/site-packages/RoboPipe-0.0.0-py3.10.egg-info/entry_points.txt
/home/the_hassan_shahzad/ros2_ws/src/RoboPipe/install/RoboPipe/lib/python3.10/site-packages/RoboPipe-0.0.0-py3.10.egg-info/top_level.txt
/home/the_hassan_shahzad/ros2_ws/src/RoboPipe/install/RoboPipe/lib/RoboPipe/arm_control
/home/the_hassan_shahzad/ros2_ws/src/RoboPipe/install/RoboPipe/lib/RoboPipe/hello_world
/home/the_hassan_shahzad/ros2_ws/src/RoboPipe/install/RoboPipe/lib/RoboPipe/load_arm
/home/the_hassan_shahzad/ros2_ws/src/RoboPipe/install/RoboPipe/lib/RoboPipe/move_arm
/home/the_hassan_shahzad/ros2_ws/src/RoboPipe/install/RoboPipe/lib/RoboPipe/random_move
/home/the_hassan_shahzad/ros2_ws/src/RoboPipe/install/RoboPipe/lib/RoboPipe/simple_subscriber
/home/the_hassan_shahzad/ros2_ws/src/RoboPipe/install/RoboPipe/lib/RoboPipe/z_publisher
/home/the_hassan_shahzad/ros2_ws/src/RoboPipe/install/RoboPipe/lib/RoboPipe/z_sine
