[0.622s] Invoking command in '/home/the_hassan_shahzad/ros2_ws/src/RoboPipe': PYTHONPATH=/home/the_hassan_shahzad/ros2_ws/src/RoboPipe/build/RoboPipe/prefix_override:/home/the_hassan_shahzad/ros2_ws/src/RoboPipe/install/RoboPipe/lib/python3.10/site-packages:${PYTHONPATH} /usr/bin/python3 setup.py egg_info --egg-base build/RoboPipe build --build-base /home/the_hassan_shahzad/ros2_ws/src/RoboPipe/build/RoboPipe/build install --record /home/the_hassan_shahzad/ros2_ws/src/RoboPipe/build/RoboPipe/install.log --single-version-externally-managed
[0.806s] running egg_info
[0.806s] writing build/RoboPipe/RoboPipe.egg-info/PKG-INFO
[0.807s] writing dependency_links to build/RoboPipe/RoboPipe.egg-info/dependency_links.txt
[0.807s] writing entry points to build/RoboPipe/RoboPipe.egg-info/entry_points.txt
[0.807s] writing requirements to build/RoboPipe/RoboPipe.egg-info/requires.txt
[0.807s] writing top-level names to build/RoboPipe/RoboPipe.egg-info/top_level.txt
[0.808s] reading manifest file 'build/RoboPipe/RoboPipe.egg-info/SOURCES.txt'
[0.809s] writing manifest file 'build/RoboPipe/RoboPipe.egg-info/SOURCES.txt'
[0.809s] running build
[0.809s] running build_py
[0.809s] running install
[0.809s] running install_lib
[0.810s] running install_data
[0.810s] running install_egg_info
[0.811s] removing '/home/the_hassan_shahzad/ros2_ws/src/RoboPipe/install/RoboPipe/lib/python3.10/site-packages/RoboPipe-0.0.0-py3.10.egg-info' (and everything under it)
[0.811s] Copying build/RoboPipe/RoboPipe.egg-info to /home/the_hassan_shahzad/ros2_ws/src/RoboPipe/install/RoboPipe/lib/python3.10/site-packages/RoboPipe-0.0.0-py3.10.egg-info
[0.815s] running install_scripts
[0.828s] Installing arm_control script to /home/the_hassan_shahzad/ros2_ws/src/RoboPipe/install/RoboPipe/lib/RoboPipe
[0.828s] Installing hello_world script to /home/the_hassan_shahzad/ros2_ws/src/RoboPipe/install/RoboPipe/lib/RoboPipe
[0.828s] Installing load_arm script to /home/the_hassan_shahzad/ros2_ws/src/RoboPipe/install/RoboPipe/lib/RoboPipe
[0.828s] Installing move_arm script to /home/the_hassan_shahzad/ros2_ws/src/RoboPipe/install/RoboPipe/lib/RoboPipe
[0.828s] Installing random_move script to /home/the_hassan_shahzad/ros2_ws/src/RoboPipe/install/RoboPipe/lib/RoboPipe
[0.828s] Installing simple_subscriber script to /home/the_hassan_shahzad/ros2_ws/src/RoboPipe/install/RoboPipe/lib/RoboPipe
[0.828s] Installing z_publisher script to /home/the_hassan_shahzad/ros2_ws/src/RoboPipe/install/RoboPipe/lib/RoboPipe
[0.829s] Installing z_sine script to /home/the_hassan_shahzad/ros2_ws/src/RoboPipe/install/RoboPipe/lib/RoboPipe
[0.829s] writing list of installed files to '/home/the_hassan_shahzad/ros2_ws/src/RoboPipe/build/RoboPipe/install.log'
[0.844s] Invoked command in '/home/the_hassan_shahzad/ros2_ws/src/RoboPipe' returned '0': PYTHONPATH=/home/the_hassan_shahzad/ros2_ws/src/RoboPipe/build/RoboPipe/prefix_override:/home/the_hassan_shahzad/ros2_ws/src/RoboPipe/install/RoboPipe/lib/python3.10/site-packages:${PYTHONPATH} /usr/bin/python3 setup.py egg_info --egg-base build/RoboPipe build --build-base /home/the_hassan_shahzad/ros2_ws/src/RoboPipe/build/RoboPipe/build install --record /home/the_hassan_shahzad/ros2_ws/src/RoboPipe/build/RoboPipe/install.log --single-version-externally-managed
