[0.594s] Invoking command in '/home/the_hassan_shahzad/ros2_ws/src/RoboPipe': PYTHONPATH=/home/the_hassan_shahzad/ros2_ws/src/RoboPipe/build/RoboPipe/prefix_override:/home/the_hassan_shahzad/ros2_ws/src/RoboPipe/install/RoboPipe/lib/python3.10/site-packages:${PYTHONPATH} /usr/bin/python3 setup.py egg_info --egg-base build/RoboPipe build --build-base /home/the_hassan_shahzad/ros2_ws/src/RoboPipe/build/RoboPipe/build install --record /home/the_hassan_shahzad/ros2_ws/src/RoboPipe/build/RoboPipe/install.log --single-version-externally-managed
[0.769s] running egg_info
[0.770s] writing build/RoboPipe/RoboPipe.egg-info/PKG-INFO
[0.770s] writing dependency_links to build/RoboPipe/RoboPipe.egg-info/dependency_links.txt
[0.770s] writing entry points to build/RoboPipe/RoboPipe.egg-info/entry_points.txt
[0.770s] writing requirements to build/RoboPipe/RoboPipe.egg-info/requires.txt
[0.770s] writing top-level names to build/RoboPipe/RoboPipe.egg-info/top_level.txt
[0.771s] reading manifest file 'build/RoboPipe/RoboPipe.egg-info/SOURCES.txt'
[0.772s] writing manifest file 'build/RoboPipe/RoboPipe.egg-info/SOURCES.txt'
[0.772s] running build
[0.772s] running build_py
[0.772s] copying RoboPipe/z_publisher.py -> /home/the_hassan_shahzad/ros2_ws/src/RoboPipe/build/RoboPipe/build/lib/RoboPipe
[0.772s] running install
[0.772s] running install_lib
[0.773s] copying /home/the_hassan_shahzad/ros2_ws/src/RoboPipe/build/RoboPipe/build/lib/RoboPipe/z_publisher.py -> /home/the_hassan_shahzad/ros2_ws/src/RoboPipe/install/RoboPipe/lib/python3.10/site-packages/RoboPipe
[0.773s] byte-compiling /home/the_hassan_shahzad/ros2_ws/src/RoboPipe/install/RoboPipe/lib/python3.10/site-packages/RoboPipe/z_publisher.py to z_publisher.cpython-310.pyc
[0.774s] running install_data
[0.774s] running install_egg_info
[0.776s] removing '/home/the_hassan_shahzad/ros2_ws/src/RoboPipe/install/RoboPipe/lib/python3.10/site-packages/RoboPipe-0.0.0-py3.10.egg-info' (and everything under it)
[0.776s] Copying build/RoboPipe/RoboPipe.egg-info to /home/the_hassan_shahzad/ros2_ws/src/RoboPipe/install/RoboPipe/lib/python3.10/site-packages/RoboPipe-0.0.0-py3.10.egg-info
[0.776s] running install_scripts
[0.789s] Installing arm_control script to /home/the_hassan_shahzad/ros2_ws/src/RoboPipe/install/RoboPipe/lib/RoboPipe
[0.789s] Installing hello_world script to /home/the_hassan_shahzad/ros2_ws/src/RoboPipe/install/RoboPipe/lib/RoboPipe
[0.789s] Installing load_arm script to /home/the_hassan_shahzad/ros2_ws/src/RoboPipe/install/RoboPipe/lib/RoboPipe
[0.789s] Installing move_arm script to /home/the_hassan_shahzad/ros2_ws/src/RoboPipe/install/RoboPipe/lib/RoboPipe
[0.789s] Installing random_move script to /home/the_hassan_shahzad/ros2_ws/src/RoboPipe/install/RoboPipe/lib/RoboPipe
[0.789s] Installing simple_subscriber script to /home/the_hassan_shahzad/ros2_ws/src/RoboPipe/install/RoboPipe/lib/RoboPipe
[0.789s] Installing z_publisher script to /home/the_hassan_shahzad/ros2_ws/src/RoboPipe/install/RoboPipe/lib/RoboPipe
[0.789s] Installing z_sine script to /home/the_hassan_shahzad/ros2_ws/src/RoboPipe/install/RoboPipe/lib/RoboPipe
[0.789s] writing list of installed files to '/home/the_hassan_shahzad/ros2_ws/src/RoboPipe/build/RoboPipe/install.log'
[0.805s] Invoked command in '/home/the_hassan_shahzad/ros2_ws/src/RoboPipe' returned '0': PYTHONPATH=/home/the_hassan_shahzad/ros2_ws/src/RoboPipe/build/RoboPipe/prefix_override:/home/the_hassan_shahzad/ros2_ws/src/RoboPipe/install/RoboPipe/lib/python3.10/site-packages:${PYTHONPATH} /usr/bin/python3 setup.py egg_info --egg-base build/RoboPipe build --build-base /home/the_hassan_shahzad/ros2_ws/src/RoboPipe/build/RoboPipe/build install --record /home/the_hassan_shahzad/ros2_ws/src/RoboPipe/build/RoboPipe/install.log --single-version-externally-managed
