[0.629s] Invoking command in '/home/the_hassan_shahzad/ros2_ws/src/RoboPipe': PYTHONPATH=/home/the_hassan_shahzad/ros2_ws/src/RoboPipe/build/RoboPipe/prefix_override:/home/the_hassan_shahzad/ros2_ws/src/RoboPipe/install/RoboPipe/lib/python3.10/site-packages:${PYTHONPATH} /usr/bin/python3 setup.py egg_info --egg-base build/RoboPipe build --build-base /home/the_hassan_shahzad/ros2_ws/src/RoboPipe/build/RoboPipe/build install --record /home/the_hassan_shahzad/ros2_ws/src/RoboPipe/build/RoboPipe/install.log --single-version-externally-managed
[0.808s] running egg_info
[0.809s] writing build/RoboPipe/RoboPipe.egg-info/PKG-INFO
[0.817s] writing dependency_links to build/RoboPipe/RoboPipe.egg-info/dependency_links.txt
[0.817s] writing entry points to build/RoboPipe/RoboPipe.egg-info/entry_points.txt
[0.817s] writing requirements to build/RoboPipe/RoboPipe.egg-info/requires.txt
[0.817s] writing top-level names to build/RoboPipe/RoboPipe.egg-info/top_level.txt
[0.820s] reading manifest file 'build/RoboPipe/RoboPipe.egg-info/SOURCES.txt'
[0.820s] writing manifest file 'build/RoboPipe/RoboPipe.egg-info/SOURCES.txt'
[0.820s] running build
[0.820s] running build_py
[0.821s] running install
[0.821s] running install_lib
[0.822s] running install_data
[0.823s] running install_egg_info
[0.824s] removing '/home/the_hassan_shahzad/ros2_ws/src/RoboPipe/install/RoboPipe/lib/python3.10/site-packages/RoboPipe-0.0.0-py3.10.egg-info' (and everything under it)
[0.824s] Copying build/RoboPipe/RoboPipe.egg-info to /home/the_hassan_shahzad/ros2_ws/src/RoboPipe/install/RoboPipe/lib/python3.10/site-packages/RoboPipe-0.0.0-py3.10.egg-info
[0.825s] running install_scripts
[0.838s] Installing arm_control script to /home/the_hassan_shahzad/ros2_ws/src/RoboPipe/install/RoboPipe/lib/RoboPipe
[0.838s] Installing hello_world script to /home/the_hassan_shahzad/ros2_ws/src/RoboPipe/install/RoboPipe/lib/RoboPipe
[0.838s] Installing load_arm script to /home/the_hassan_shahzad/ros2_ws/src/RoboPipe/install/RoboPipe/lib/RoboPipe
[0.838s] Installing move_arm script to /home/the_hassan_shahzad/ros2_ws/src/RoboPipe/install/RoboPipe/lib/RoboPipe
[0.838s] Installing random_move script to /home/the_hassan_shahzad/ros2_ws/src/RoboPipe/install/RoboPipe/lib/RoboPipe
[0.838s] Installing simple_subscriber script to /home/the_hassan_shahzad/ros2_ws/src/RoboPipe/install/RoboPipe/lib/RoboPipe
[0.838s] Installing z_publisher script to /home/the_hassan_shahzad/ros2_ws/src/RoboPipe/install/RoboPipe/lib/RoboPipe
[0.838s] Installing z_sine script to /home/the_hassan_shahzad/ros2_ws/src/RoboPipe/install/RoboPipe/lib/RoboPipe
[0.838s] writing list of installed files to '/home/the_hassan_shahzad/ros2_ws/src/RoboPipe/build/RoboPipe/install.log'
[0.853s] Invoked command in '/home/the_hassan_shahzad/ros2_ws/src/RoboPipe' returned '0': PYTHONPATH=/home/the_hassan_shahzad/ros2_ws/src/RoboPipe/build/RoboPipe/prefix_override:/home/the_hassan_shahzad/ros2_ws/src/RoboPipe/install/RoboPipe/lib/python3.10/site-packages:${PYTHONPATH} /usr/bin/python3 setup.py egg_info --egg-base build/RoboPipe build --build-base /home/the_hassan_shahzad/ros2_ws/src/RoboPipe/build/RoboPipe/build install --record /home/the_hassan_shahzad/ros2_ws/src/RoboPipe/build/RoboPipe/install.log --single-version-externally-managed
