[0.602s] Invoking command in '/home/the_hassan_shahzad/ros2_ws/src/RoboPipe': PYTHONPATH=/home/the_hassan_shahzad/ros2_ws/src/RoboPipe/build/RoboPipe/prefix_override:/home/the_hassan_shahzad/ros2_ws/src/RoboPipe/install/RoboPipe/lib/python3.10/site-packages:${PYTHONPATH} /usr/bin/python3 setup.py egg_info --egg-base build/RoboPipe build --build-base /home/the_hassan_shahzad/ros2_ws/src/RoboPipe/build/RoboPipe/build install --record /home/the_hassan_shahzad/ros2_ws/src/RoboPipe/build/RoboPipe/install.log --single-version-externally-managed
[0.786s] running egg_info
[0.786s] writing build/RoboPipe/RoboPipe.egg-info/PKG-INFO
[0.786s] writing dependency_links to build/RoboPipe/RoboPipe.egg-info/dependency_links.txt
[0.786s] writing entry points to build/RoboPipe/RoboPipe.egg-info/entry_points.txt
[0.786s] writing requirements to build/RoboPipe/RoboPipe.egg-info/requires.txt
[0.786s] writing top-level names to build/RoboPipe/RoboPipe.egg-info/top_level.txt
[0.788s] reading manifest file 'build/RoboPipe/RoboPipe.egg-info/SOURCES.txt'
[0.788s] writing manifest file 'build/RoboPipe/RoboPipe.egg-info/SOURCES.txt'
[0.788s] running build
[0.788s] running build_py
[0.788s] copying RoboPipe/z_publisher.py -> /home/the_hassan_shahzad/ros2_ws/src/RoboPipe/build/RoboPipe/build/lib/RoboPipe
[0.788s] copying RoboPipe/tester.py -> /home/the_hassan_shahzad/ros2_ws/src/RoboPipe/build/RoboPipe/build/lib/RoboPipe
[0.789s] running install
[0.789s] running install_lib
[0.789s] copying /home/the_hassan_shahzad/ros2_ws/src/RoboPipe/build/RoboPipe/build/lib/RoboPipe/z_publisher.py -> /home/the_hassan_shahzad/ros2_ws/src/RoboPipe/install/RoboPipe/lib/python3.10/site-packages/RoboPipe
[0.789s] copying /home/the_hassan_shahzad/ros2_ws/src/RoboPipe/build/RoboPipe/build/lib/RoboPipe/tester.py -> /home/the_hassan_shahzad/ros2_ws/src/RoboPipe/install/RoboPipe/lib/python3.10/site-packages/RoboPipe
[0.790s] byte-compiling /home/the_hassan_shahzad/ros2_ws/src/RoboPipe/install/RoboPipe/lib/python3.10/site-packages/RoboPipe/z_publisher.py to z_publisher.cpython-310.pyc
[0.791s] byte-compiling /home/the_hassan_shahzad/ros2_ws/src/RoboPipe/install/RoboPipe/lib/python3.10/site-packages/RoboPipe/tester.py to tester.cpython-310.pyc
[0.791s] running install_data
[0.792s] running install_egg_info
[0.793s] removing '/home/the_hassan_shahzad/ros2_ws/src/RoboPipe/install/RoboPipe/lib/python3.10/site-packages/RoboPipe-0.0.0-py3.10.egg-info' (and everything under it)
[0.793s] Copying build/RoboPipe/RoboPipe.egg-info to /home/the_hassan_shahzad/ros2_ws/src/RoboPipe/install/RoboPipe/lib/python3.10/site-packages/RoboPipe-0.0.0-py3.10.egg-info
[0.793s] running install_scripts
[0.808s] Installing arm_control script to /home/the_hassan_shahzad/ros2_ws/src/RoboPipe/install/RoboPipe/lib/RoboPipe
[0.808s] Installing hello_world script to /home/the_hassan_shahzad/ros2_ws/src/RoboPipe/install/RoboPipe/lib/RoboPipe
[0.808s] Installing load_arm script to /home/the_hassan_shahzad/ros2_ws/src/RoboPipe/install/RoboPipe/lib/RoboPipe
[0.808s] Installing move_arm script to /home/the_hassan_shahzad/ros2_ws/src/RoboPipe/install/RoboPipe/lib/RoboPipe
[0.808s] Installing random_move script to /home/the_hassan_shahzad/ros2_ws/src/RoboPipe/install/RoboPipe/lib/RoboPipe
[0.808s] Installing simple_subscriber script to /home/the_hassan_shahzad/ros2_ws/src/RoboPipe/install/RoboPipe/lib/RoboPipe
[0.808s] Installing z_publisher script to /home/the_hassan_shahzad/ros2_ws/src/RoboPipe/install/RoboPipe/lib/RoboPipe
[0.808s] Installing z_sine script to /home/the_hassan_shahzad/ros2_ws/src/RoboPipe/install/RoboPipe/lib/RoboPipe
[0.809s] writing list of installed files to '/home/the_hassan_shahzad/ros2_ws/src/RoboPipe/build/RoboPipe/install.log'
[0.825s] Invoked command in '/home/the_hassan_shahzad/ros2_ws/src/RoboPipe' returned '0': PYTHONPATH=/home/the_hassan_shahzad/ros2_ws/src/RoboPipe/build/RoboPipe/prefix_override:/home/the_hassan_shahzad/ros2_ws/src/RoboPipe/install/RoboPipe/lib/python3.10/site-packages:${PYTHONPATH} /usr/bin/python3 setup.py egg_info --egg-base build/RoboPipe build --build-base /home/the_hassan_shahzad/ros2_ws/src/RoboPipe/build/RoboPipe/build install --record /home/the_hassan_shahzad/ros2_ws/src/RoboPipe/build/RoboPipe/install.log --single-version-externally-managed
